2025-05-10 00:18:50 [main] INFO  d.y.d.m.MsProcessManagerApplication - Starting MsProcessManagerApplication using Java 17.0.10 with PID 14296 (C:\Users\user\Documents\Back end Engineering Germany\deliverysystem\ms-process-manager\build\classes\java\main started by user in C:\Users\user\Documents\Back end Engineering Germany\deliverysystem\ms-process-manager)
2025-05-10 00:18:50 [main] DEBUG d.y.d.m.MsProcessManagerApplication - Running with Spring Boot v3.4.5, Spring v6.2.6
2025-05-10 00:18:50 [main] INFO  d.y.d.m.MsProcessManagerApplication - No active profile set, falling back to 1 default profile: "default"
2025-05-10 00:18:53 [main] INFO  o.s.cloud.context.scope.GenericScope - BeanFactory id=e4edc53c-d52a-3a74-bcee-46914b22b608
2025-05-10 00:18:53 [main] INFO  o.s.b.w.e.tomcat.TomcatWebServer - Tomcat initialized with port 5051 (http)
2025-05-10 00:18:53 [main] INFO  o.a.catalina.core.StandardService - Starting service [Tomcat]
2025-05-10 00:18:53 [main] INFO  o.a.catalina.core.StandardEngine - Starting Servlet engine: [Apache Tomcat/10.1.40]
2025-05-10 00:18:54 [main] INFO  o.a.c.c.C.[Tomcat].[localhost].[/] - Initializing Spring embedded WebApplicationContext
2025-05-10 00:18:54 [main] INFO  o.s.b.w.s.c.ServletWebServerApplicationContext - Root WebApplicationContext: initialization completed in 3620 ms
2025-05-10 00:18:54 [main] DEBUG o.s.c.o.FeignClientFactoryBean - Creating a FeignClientFactoryBean.
2025-05-10 00:18:54 [main] WARN  o.s.c.a.AnnotationConfigApplicationContext - Exception encountered during context initialization - cancelling refresh attempt: org.springframework.beans.factory.BeanCreationException: Error creating bean with name 'errorDecoder' defined in de.yagub.deliverysystem.msprocessmanager.config.FeignConfig: Failed to instantiate [feign.codec.ErrorDecoder]: Factory method 'errorDecoder' threw exception with message: Cannot find any suitable constructor in class [de.yagub.deliverysystem.msprocessmanager.error.UserServiceException] - did you forget to mark one with @FeignExceptionConstructor or at least have a public default constructor?
2025-05-10 00:18:54 [main] WARN  o.s.b.w.s.c.AnnotationConfigServletWebServerApplicationContext - Exception encountered during context initialization - cancelling refresh attempt: org.springframework.beans.factory.UnsatisfiedDependencyException: Error creating bean with name 'userController' defined in file [C:\Users\user\Documents\Back end Engineering Germany\deliverysystem\ms-process-manager\build\classes\java\main\de\yagub\deliverysystem\msprocessmanager\controller\UserController.class]: Unsatisfied dependency expressed through constructor parameter 0: Error creating bean with name 'userOrchestrationService' defined in file [C:\Users\user\Documents\Back end Engineering Germany\deliverysystem\ms-process-manager\build\classes\java\main\de\yagub\deliverysystem\msprocessmanager\service\orchestration\msuser\UserOrchestrationService.class]: Unsatisfied dependency expressed through constructor parameter 0: Error creating bean with name 'de.yagub.deliverysystem.msprocessmanager.service.client.msuser.UserServiceClient': FactoryBean threw exception on object creation
2025-05-10 00:18:54 [main] INFO  o.a.catalina.core.StandardService - Stopping service [Tomcat]
2025-05-10 00:18:54 [main] INFO  o.s.b.a.l.ConditionEvaluationReportLogger - 

Error starting ApplicationContext. To display the condition evaluation report re-run your application with 'debug' enabled.
2025-05-10 00:18:54 [main] ERROR o.s.boot.SpringApplication - Application run failed
org.springframework.beans.factory.UnsatisfiedDependencyException: Error creating bean with name 'userController' defined in file [C:\Users\user\Documents\Back end Engineering Germany\deliverysystem\ms-process-manager\build\classes\java\main\de\yagub\deliverysystem\msprocessmanager\controller\UserController.class]: Unsatisfied dependency expressed through constructor parameter 0: Error creating bean with name 'userOrchestrationService' defined in file [C:\Users\user\Documents\Back end Engineering Germany\deliverysystem\ms-process-manager\build\classes\java\main\de\yagub\deliverysystem\msprocessmanager\service\orchestration\msuser\UserOrchestrationService.class]: Unsatisfied dependency expressed through constructor parameter 0: Error creating bean with name 'de.yagub.deliverysystem.msprocessmanager.service.client.msuser.UserServiceClient': FactoryBean threw exception on object creation
	at org.springframework.beans.factory.support.ConstructorResolver.createArgumentArray(ConstructorResolver.java:804)
	at org.springframework.beans.factory.support.ConstructorResolver.autowireConstructor(ConstructorResolver.java:240)
	at org.springframework.beans.factory.support.AbstractAutowireCapableBeanFactory.autowireConstructor(AbstractAutowireCapableBeanFactory.java:1387)
	at org.springframework.beans.factory.support.AbstractAutowireCapableBeanFactory.createBeanInstance(AbstractAutowireCapableBeanFactory.java:1224)
	at org.springframework.beans.factory.support.AbstractAutowireCapableBeanFactory.doCreateBean(AbstractAutowireCapableBeanFactory.java:569)
	at org.springframework.beans.factory.support.AbstractAutowireCapableBeanFactory.createBean(AbstractAutowireCapableBeanFactory.java:529)
	at org.springframework.beans.factory.support.AbstractBeanFactory.lambda$doGetBean$0(AbstractBeanFactory.java:339)
	at org.springframework.beans.factory.support.DefaultSingletonBeanRegistry.getSingleton(DefaultSingletonBeanRegistry.java:371)
	at org.springframework.beans.factory.support.AbstractBeanFactory.doGetBean(AbstractBeanFactory.java:337)
	at org.springframework.beans.factory.support.AbstractBeanFactory.getBean(AbstractBeanFactory.java:202)
	at org.springframework.beans.factory.support.DefaultListableBeanFactory.instantiateSingleton(DefaultListableBeanFactory.java:1221)
	at org.springframework.beans.factory.support.DefaultListableBeanFactory.preInstantiateSingleton(DefaultListableBeanFactory.java:1187)
	at org.springframework.beans.factory.support.DefaultListableBeanFactory.preInstantiateSingletons(DefaultListableBeanFactory.java:1122)
	at org.springframework.context.support.AbstractApplicationContext.finishBeanFactoryInitialization(AbstractApplicationContext.java:987)
	at org.springframework.context.support.AbstractApplicationContext.refresh(AbstractApplicationContext.java:627)
	at org.springframework.boot.web.servlet.context.ServletWebServerApplicationContext.refresh(ServletWebServerApplicationContext.java:146)
	at org.springframework.boot.SpringApplication.refresh(SpringApplication.java:753)
	at org.springframework.boot.SpringApplication.refreshContext(SpringApplication.java:439)
	at org.springframework.boot.SpringApplication.run(SpringApplication.java:318)
	at org.springframework.boot.SpringApplication.run(SpringApplication.java:1362)
	at org.springframework.boot.SpringApplication.run(SpringApplication.java:1351)
	at de.yagub.deliverysystem.msprocessmanager.MsProcessManagerApplication.main(MsProcessManagerApplication.java:13)
Caused by: org.springframework.beans.factory.UnsatisfiedDependencyException: Error creating bean with name 'userOrchestrationService' defined in file [C:\Users\user\Documents\Back end Engineering Germany\deliverysystem\ms-process-manager\build\classes\java\main\de\yagub\deliverysystem\msprocessmanager\service\orchestration\msuser\UserOrchestrationService.class]: Unsatisfied dependency expressed through constructor parameter 0: Error creating bean with name 'de.yagub.deliverysystem.msprocessmanager.service.client.msuser.UserServiceClient': FactoryBean threw exception on object creation
	at org.springframework.beans.factory.support.ConstructorResolver.createArgumentArray(ConstructorResolver.java:804)
	at org.springframework.beans.factory.support.ConstructorResolver.autowireConstructor(ConstructorResolver.java:240)
	at org.springframework.beans.factory.support.AbstractAutowireCapableBeanFactory.autowireConstructor(AbstractAutowireCapableBeanFactory.java:1387)
	at org.springframework.beans.factory.support.AbstractAutowireCapableBeanFactory.createBeanInstance(AbstractAutowireCapableBeanFactory.java:1224)
	at org.springframework.beans.factory.support.AbstractAutowireCapableBeanFactory.doCreateBean(AbstractAutowireCapableBeanFactory.java:569)
	at org.springframework.beans.factory.support.AbstractAutowireCapableBeanFactory.createBean(AbstractAutowireCapableBeanFactory.java:529)
	at org.springframework.beans.factory.support.AbstractBeanFactory.lambda$doGetBean$0(AbstractBeanFactory.java:339)
	at org.springframework.beans.factory.support.DefaultSingletonBeanRegistry.getSingleton(DefaultSingletonBeanRegistry.java:371)
	at org.springframework.beans.factory.support.AbstractBeanFactory.doGetBean(AbstractBeanFactory.java:337)
	at org.springframework.beans.factory.support.AbstractBeanFactory.getBean(AbstractBeanFactory.java:202)
	at org.springframework.beans.factory.support.DefaultListableBeanFactory.doResolveDependency(DefaultListableBeanFactory.java:1681)
	at org.springframework.beans.factory.support.DefaultListableBeanFactory.resolveDependency(DefaultListableBeanFactory.java:1627)
	at org.springframework.beans.factory.support.ConstructorResolver.resolveAutowiredArgument(ConstructorResolver.java:913)
	at org.springframework.beans.factory.support.ConstructorResolver.createArgumentArray(ConstructorResolver.java:791)
	... 21 common frames omitted
Caused by: org.springframework.beans.factory.BeanCreationException: Error creating bean with name 'de.yagub.deliverysystem.msprocessmanager.service.client.msuser.UserServiceClient': FactoryBean threw exception on object creation
	at org.springframework.beans.factory.support.FactoryBeanRegistrySupport.doGetObjectFromFactoryBean(FactoryBeanRegistrySupport.java:192)
	at org.springframework.beans.factory.support.FactoryBeanRegistrySupport.getObjectFromFactoryBean(FactoryBeanRegistrySupport.java:125)
	at org.springframework.beans.factory.support.AbstractBeanFactory.getObjectForBeanInstance(AbstractBeanFactory.java:1896)
	at org.springframework.beans.factory.support.AbstractAutowireCapableBeanFactory.getObjectForBeanInstance(AbstractAutowireCapableBeanFactory.java:1308)
	at org.springframework.beans.factory.support.AbstractBeanFactory.doGetBean(AbstractBeanFactory.java:349)
	at org.springframework.beans.factory.support.AbstractBeanFactory.getBean(AbstractBeanFactory.java:202)
	at org.springframework.beans.factory.config.DependencyDescriptor.resolveCandidate(DependencyDescriptor.java:254)
	at org.springframework.beans.factory.support.DefaultListableBeanFactory.doResolveDependency(DefaultListableBeanFactory.java:1739)
	at org.springframework.beans.factory.support.DefaultListableBeanFactory.resolveDependency(DefaultListableBeanFactory.java:1627)
	at org.springframework.beans.factory.support.ConstructorResolver.resolveAutowiredArgument(ConstructorResolver.java:913)
	at org.springframework.beans.factory.support.ConstructorResolver.createArgumentArray(ConstructorResolver.java:791)
	... 34 common frames omitted
Caused by: org.springframework.beans.factory.BeanCreationException: Error creating bean with name 'errorDecoder' defined in de.yagub.deliverysystem.msprocessmanager.config.FeignConfig: Failed to instantiate [feign.codec.ErrorDecoder]: Factory method 'errorDecoder' threw exception with message: Cannot find any suitable constructor in class [de.yagub.deliverysystem.msprocessmanager.error.UserServiceException] - did you forget to mark one with @FeignExceptionConstructor or at least have a public default constructor?
	at org.springframework.beans.factory.support.ConstructorResolver.instantiate(ConstructorResolver.java:657)
	at org.springframework.beans.factory.support.ConstructorResolver.instantiateUsingFactoryMethod(ConstructorResolver.java:489)
	at org.springframework.beans.factory.support.AbstractAutowireCapableBeanFactory.instantiateUsingFactoryMethod(AbstractAutowireCapableBeanFactory.java:1367)
	at org.springframework.beans.factory.support.AbstractAutowireCapableBeanFactory.createBeanInstance(AbstractAutowireCapableBeanFactory.java:1197)
	at org.springframework.beans.factory.support.AbstractAutowireCapableBeanFactory.doCreateBean(AbstractAutowireCapableBeanFactory.java:569)
	at org.springframework.beans.factory.support.AbstractAutowireCapableBeanFactory.createBean(AbstractAutowireCapableBeanFactory.java:529)
	at org.springframework.beans.factory.support.AbstractBeanFactory.lambda$doGetBean$0(AbstractBeanFactory.java:339)
	at org.springframework.beans.factory.support.DefaultSingletonBeanRegistry.getSingleton(DefaultSingletonBeanRegistry.java:371)
	at org.springframework.beans.factory.support.AbstractBeanFactory.doGetBean(AbstractBeanFactory.java:337)
	at org.springframework.beans.factory.support.AbstractBeanFactory.getBean(AbstractBeanFactory.java:202)
	at org.springframework.beans.factory.support.DefaultListableBeanFactory.instantiateSingleton(DefaultListableBeanFactory.java:1221)
	at org.springframework.beans.factory.support.DefaultListableBeanFactory.preInstantiateSingleton(DefaultListableBeanFactory.java:1187)
	at org.springframework.beans.factory.support.DefaultListableBeanFactory.preInstantiateSingletons(DefaultListableBeanFactory.java:1122)
	at org.springframework.context.support.AbstractApplicationContext.finishBeanFactoryInitialization(AbstractApplicationContext.java:987)
	at org.springframework.context.support.AbstractApplicationContext.refresh(AbstractApplicationContext.java:627)
	at org.springframework.cloud.context.named.NamedContextFactory.createContext(NamedContextFactory.java:139)
	at org.springframework.cloud.context.named.NamedContextFactory.getContext(NamedContextFactory.java:123)
	at org.springframework.cloud.context.named.NamedContextFactory.getInstance(NamedContextFactory.java:200)
	at org.springframework.cloud.openfeign.FeignClientFactoryBean.get(FeignClientFactoryBean.java:398)
	at org.springframework.cloud.openfeign.FeignClientFactoryBean.feign(FeignClientFactoryBean.java:136)
	at org.springframework.cloud.openfeign.FeignClientFactoryBean.getTarget(FeignClientFactoryBean.java:468)
	at org.springframework.cloud.openfeign.FeignClientFactoryBean.getObject(FeignClientFactoryBean.java:456)
	at org.springframework.beans.factory.support.FactoryBeanRegistrySupport.doGetObjectFromFactoryBean(FactoryBeanRegistrySupport.java:186)
	... 44 common frames omitted
Caused by: org.springframework.beans.BeanInstantiationException: Failed to instantiate [feign.codec.ErrorDecoder]: Factory method 'errorDecoder' threw exception with message: Cannot find any suitable constructor in class [de.yagub.deliverysystem.msprocessmanager.error.UserServiceException] - did you forget to mark one with @FeignExceptionConstructor or at least have a public default constructor?
	at org.springframework.beans.factory.support.SimpleInstantiationStrategy.lambda$instantiate$0(SimpleInstantiationStrategy.java:199)
	at org.springframework.beans.factory.support.SimpleInstantiationStrategy.instantiateWithFactoryMethod(SimpleInstantiationStrategy.java:88)
	at org.springframework.beans.factory.support.SimpleInstantiationStrategy.instantiate(SimpleInstantiationStrategy.java:168)
	at org.springframework.beans.factory.support.ConstructorResolver.instantiate(ConstructorResolver.java:653)
	... 66 common frames omitted
Caused by: java.lang.IllegalStateException: Cannot find any suitable constructor in class [de.yagub.deliverysystem.msprocessmanager.error.UserServiceException] - did you forget to mark one with @FeignExceptionConstructor or at least have a public default constructor?
	at feign.error.ExceptionGenerator$Builder.getConstructor(ExceptionGenerator.java:234)
	at feign.error.ExceptionGenerator$Builder.build(ExceptionGenerator.java:136)
	at feign.error.AnnotationErrorDecoder$Builder.readAnnotation(AnnotationErrorDecoder.java:182)
	at feign.error.AnnotationErrorDecoder$Builder.generateErrorHandlerMapFromApi(AnnotationErrorDecoder.java:91)
	at feign.error.AnnotationErrorDecoder$Builder.build(AnnotationErrorDecoder.java:73)
	at de.yagub.deliverysystem.msprocessmanager.config.FeignConfig.errorDecoder(FeignConfig.java:15)
	at de.yagub.deliverysystem.msprocessmanager.config.FeignConfig$$SpringCGLIB$$0.CGLIB$errorDecoder$0(<generated>)
	at de.yagub.deliverysystem.msprocessmanager.config.FeignConfig$$SpringCGLIB$$FastClass$$1.invoke(<generated>)
	at org.springframework.cglib.proxy.MethodProxy.invokeSuper(MethodProxy.java:258)
	at org.springframework.context.annotation.ConfigurationClassEnhancer$BeanMethodInterceptor.intercept(ConfigurationClassEnhancer.java:393)
	at de.yagub.deliverysystem.msprocessmanager.config.FeignConfig$$SpringCGLIB$$0.errorDecoder(<generated>)
	at java.base/jdk.internal.reflect.NativeMethodAccessorImpl.invoke0(Native Method)
	at java.base/jdk.internal.reflect.NativeMethodAccessorImpl.invoke(NativeMethodAccessorImpl.java:77)
	at java.base/jdk.internal.reflect.DelegatingMethodAccessorImpl.invoke(DelegatingMethodAccessorImpl.java:43)
	at java.base/java.lang.reflect.Method.invoke(Method.java:568)
	at org.springframework.beans.factory.support.SimpleInstantiationStrategy.lambda$instantiate$0(SimpleInstantiationStrategy.java:171)
	... 69 common frames omitted
Caused by: java.lang.NoSuchMethodException: de.yagub.deliverysystem.msprocessmanager.error.UserServiceException.<init>()
	at java.base/java.lang.Class.getConstructor0(Class.java:3585)
	at java.base/java.lang.Class.getConstructor(Class.java:2271)
	at feign.error.ExceptionGenerator$Builder.getConstructor(ExceptionGenerator.java:230)
	... 84 common frames omitted
2025-05-10 00:20:50 [main] INFO  d.y.d.m.MsProcessManagerApplication - Starting MsProcessManagerApplication using Java 17.0.10 with PID 24236 (C:\Users\user\Documents\Back end Engineering Germany\deliverysystem\ms-process-manager\build\classes\java\main started by user in C:\Users\user\Documents\Back end Engineering Germany\deliverysystem\ms-process-manager)
2025-05-10 00:20:50 [main] DEBUG d.y.d.m.MsProcessManagerApplication - Running with Spring Boot v3.4.5, Spring v6.2.6
2025-05-10 00:20:50 [main] INFO  d.y.d.m.MsProcessManagerApplication - No active profile set, falling back to 1 default profile: "default"
2025-05-10 00:20:54 [main] INFO  o.s.cloud.context.scope.GenericScope - BeanFactory id=e4edc53c-d52a-3a74-bcee-46914b22b608
2025-05-10 00:20:55 [main] INFO  o.s.b.w.e.tomcat.TomcatWebServer - Tomcat initialized with port 5051 (http)
2025-05-10 00:20:55 [main] INFO  o.a.catalina.core.StandardService - Starting service [Tomcat]
2025-05-10 00:20:55 [main] INFO  o.a.catalina.core.StandardEngine - Starting Servlet engine: [Apache Tomcat/10.1.40]
2025-05-10 00:20:55 [main] INFO  o.a.c.c.C.[Tomcat].[localhost].[/] - Initializing Spring embedded WebApplicationContext
2025-05-10 00:20:55 [main] INFO  o.s.b.w.s.c.ServletWebServerApplicationContext - Root WebApplicationContext: initialization completed in 4912 ms
2025-05-10 00:20:55 [main] DEBUG o.s.c.o.FeignClientFactoryBean - Creating a FeignClientFactoryBean.
2025-05-10 00:20:57 [main] INFO  o.s.b.a.e.web.EndpointLinksResolver - Exposing 3 endpoints beneath base path '/actuator'
2025-05-10 00:20:57 [main] INFO  o.s.b.w.e.tomcat.TomcatWebServer - Tomcat started on port 5051 (http) with context path '/'
2025-05-10 00:20:57 [main] INFO  d.y.d.m.MsProcessManagerApplication - Started MsProcessManagerApplication in 8.777 seconds (process running for 10.129)
2025-05-10 00:20:58 [RMI TCP Connection(5)-172.31.112.1] INFO  o.a.c.c.C.[Tomcat].[localhost].[/] - Initializing Spring DispatcherServlet 'dispatcherServlet'
2025-05-10 00:21:41 [SpringApplicationShutdownHook] INFO  o.s.b.w.e.tomcat.GracefulShutdown - Commencing graceful shutdown. Waiting for active requests to complete
2025-05-10 00:21:42 [tomcat-shutdown] INFO  o.s.b.w.e.tomcat.GracefulShutdown - Graceful shutdown complete
2025-05-10 00:23:23 [main] INFO  d.y.d.m.MsProcessManagerApplication - Starting MsProcessManagerApplication using Java 17.0.10 with PID 4276 (C:\Users\user\Documents\Back end Engineering Germany\deliverysystem\ms-process-manager\build\classes\java\main started by user in C:\Users\user\Documents\Back end Engineering Germany\deliverysystem\ms-process-manager)
2025-05-10 00:23:23 [main] DEBUG d.y.d.m.MsProcessManagerApplication - Running with Spring Boot v3.4.5, Spring v6.2.6
2025-05-10 00:23:23 [main] INFO  d.y.d.m.MsProcessManagerApplication - No active profile set, falling back to 1 default profile: "default"
2025-05-10 00:23:27 [main] INFO  o.s.cloud.context.scope.GenericScope - BeanFactory id=e4edc53c-d52a-3a74-bcee-46914b22b608
2025-05-10 00:23:27 [main] INFO  o.s.b.w.e.tomcat.TomcatWebServer - Tomcat initialized with port 5051 (http)
2025-05-10 00:23:27 [main] INFO  o.a.catalina.core.StandardService - Starting service [Tomcat]
2025-05-10 00:23:27 [main] INFO  o.a.catalina.core.StandardEngine - Starting Servlet engine: [Apache Tomcat/10.1.40]
2025-05-10 00:23:28 [main] INFO  o.a.c.c.C.[Tomcat].[localhost].[/] - Initializing Spring embedded WebApplicationContext
2025-05-10 00:23:28 [main] INFO  o.s.b.w.s.c.ServletWebServerApplicationContext - Root WebApplicationContext: initialization completed in 4345 ms
2025-05-10 00:23:28 [main] DEBUG o.s.c.o.FeignClientFactoryBean - Creating a FeignClientFactoryBean.
2025-05-10 00:23:29 [main] INFO  o.s.b.a.e.web.EndpointLinksResolver - Exposing 3 endpoints beneath base path '/actuator'
2025-05-10 00:23:29 [main] INFO  o.s.b.w.e.tomcat.TomcatWebServer - Tomcat started on port 5051 (http) with context path '/'
2025-05-10 00:23:30 [main] INFO  d.y.d.m.MsProcessManagerApplication - Started MsProcessManagerApplication in 8.467 seconds (process running for 10.072)
2025-05-10 00:23:30 [RMI TCP Connection(3)-172.31.112.1] INFO  o.a.c.c.C.[Tomcat].[localhost].[/] - Initializing Spring DispatcherServlet 'dispatcherServlet'
2025-05-10 00:29:30 [pool-2-thread-1] DEBUG d.y.d.m.s.o.m.UserOrchestrationService - Attempting user registration for user6
2025-05-10 00:29:30 [pool-2-thread-1] DEBUG o.s.c.o.support.SpringEncoder - Writing [RegistrationRequest[username=user6, password=12345]] using [org.springframework.http.converter.json.MappingJackson2HttpMessageConverter@701d2b59]
2025-05-10 00:29:31 [http-nio-5051-exec-1] ERROR o.a.c.c.C.[.[.[.[dispatcherServlet] - Servlet.service() for servlet [dispatcherServlet] in context with path [] threw exception [Request processing failed: org.springframework.cloud.client.circuitbreaker.NoFallbackAvailableException: No fallback available.] with root cause
java.util.concurrent.TimeoutException: TimeLimiter 'user-service-register' recorded a timeout exception.
	at java.base/java.util.concurrent.FutureTask.get(FutureTask.java:204)
	at io.github.resilience4j.timelimiter.internal.TimeLimiterImpl.lambda$decorateFutureSupplier$0(TimeLimiterImpl.java:46)
	at io.github.resilience4j.bulkhead.internal.FixedThreadPoolBulkhead.lambda$submit$1(FixedThreadPoolBulkhead.java:142)
	at io.github.resilience4j.core.ContextPropagator.lambda$decorateSupplier$6(ContextPropagator.java:107)
	at java.base/java.util.concurrent.CompletableFuture$AsyncSupply.run(CompletableFuture.java:1768)
	at java.base/java.util.concurrent.ThreadPoolExecutor.runWorker(ThreadPoolExecutor.java:1136)
	at java.base/java.util.concurrent.ThreadPoolExecutor$Worker.run(ThreadPoolExecutor.java:635)
	at java.base/java.lang.Thread.run(Thread.java:842)
2025-05-10 00:29:51 [pool-2-thread-1] DEBUG d.y.d.m.s.o.m.UserOrchestrationService - Attempting user registration for user6
2025-05-10 00:29:51 [pool-2-thread-1] DEBUG o.s.c.o.support.SpringEncoder - Writing [RegistrationRequest[username=user6, password=12345]] using [org.springframework.http.converter.json.MappingJackson2HttpMessageConverter@701d2b59]
2025-05-10 00:29:51 [http-nio-5051-exec-4] ERROR o.a.c.c.C.[.[.[.[dispatcherServlet] - Servlet.service() for servlet [dispatcherServlet] in context with path [] threw exception [Request processing failed: org.springframework.cloud.client.circuitbreaker.NoFallbackAvailableException: No fallback available.] with root cause
feign.FeignException$Conflict: [409] during [POST] to [http://localhost:5050/api/users/register] [UserServiceClient#register(RegistrationRequest)]: [{"errorCode":"USERNAME_ALREADY_EXISTS","message":"Username 'user6' already exists","uuid":"107aa556-3517-4a91-a09b-c3e4637550fc","path":"/api/users/register","timestamp":"2025-05-09T22:29:51.378979200Z"}]
	at feign.FeignException.clientErrorStatus(FeignException.java:255)
	at feign.FeignException.errorStatus(FeignException.java:223)
	at feign.FeignException.errorStatus(FeignException.java:213)
	at feign.codec.ErrorDecoder$Default.decode(ErrorDecoder.java:103)
	at feign.error.AnnotationErrorDecoder.decode(AnnotationErrorDecoder.java:46)
	at feign.InvocationContext.decodeError(InvocationContext.java:133)
	at feign.InvocationContext.proceed(InvocationContext.java:80)
	at feign.ResponseHandler.handleResponse(ResponseHandler.java:69)
	at feign.SynchronousMethodHandler.executeAndDecode(SynchronousMethodHandler.java:109)
	at feign.SynchronousMethodHandler.invoke(SynchronousMethodHandler.java:53)
	at feign.ReflectiveFeign$FeignInvocationHandler.invoke(ReflectiveFeign.java:104)
	at jdk.proxy2/jdk.proxy2.$Proxy99.register(Unknown Source)
	at de.yagub.deliverysystem.msprocessmanager.service.orchestration.msuser.UserOrchestrationService.lambda$registerUser$0(UserOrchestrationService.java:23)
	at io.micrometer.observation.Observation.observe(Observation.java:564)
	at org.springframework.cloud.client.circuitbreaker.observation.ObservedSupplier.get(ObservedSupplier.java:48)
	at java.base/java.util.concurrent.FutureTask.run(FutureTask.java:264)
	at java.base/java.util.concurrent.ThreadPoolExecutor.runWorker(ThreadPoolExecutor.java:1136)
	at java.base/java.util.concurrent.ThreadPoolExecutor$Worker.run(ThreadPoolExecutor.java:635)
	at java.base/java.lang.Thread.run(Thread.java:842)
2025-05-10 00:30:08 [pool-2-thread-1] DEBUG d.y.d.m.s.o.m.UserOrchestrationService - Attempting user registration for user6
2025-05-10 00:30:08 [pool-2-thread-1] DEBUG o.s.c.o.support.SpringEncoder - Writing [RegistrationRequest[username=user6, password=12345]] using [org.springframework.http.converter.json.MappingJackson2HttpMessageConverter@701d2b59]
2025-05-10 00:30:08 [http-nio-5051-exec-6] ERROR o.a.c.c.C.[.[.[.[dispatcherServlet] - Servlet.service() for servlet [dispatcherServlet] in context with path [] threw exception [Request processing failed: org.springframework.cloud.client.circuitbreaker.NoFallbackAvailableException: No fallback available.] with root cause
feign.FeignException$Conflict: [409] during [POST] to [http://localhost:5050/api/users/register] [UserServiceClient#register(RegistrationRequest)]: [{"errorCode":"USERNAME_ALREADY_EXISTS","message":"Username 'user6' already exists","uuid":"7e1a0345-46a7-4d8c-a003-29b43d267fba","path":"/api/users/register","timestamp":"2025-05-09T22:30:08.496232900Z"}]
	at feign.FeignException.clientErrorStatus(FeignException.java:255)
	at feign.FeignException.errorStatus(FeignException.java:223)
	at feign.FeignException.errorStatus(FeignException.java:213)
	at feign.codec.ErrorDecoder$Default.decode(ErrorDecoder.java:103)
	at feign.error.AnnotationErrorDecoder.decode(AnnotationErrorDecoder.java:46)
	at feign.InvocationContext.decodeError(InvocationContext.java:133)
	at feign.InvocationContext.proceed(InvocationContext.java:80)
	at feign.ResponseHandler.handleResponse(ResponseHandler.java:69)
	at feign.SynchronousMethodHandler.executeAndDecode(SynchronousMethodHandler.java:109)
	at feign.SynchronousMethodHandler.invoke(SynchronousMethodHandler.java:53)
	at feign.ReflectiveFeign$FeignInvocationHandler.invoke(ReflectiveFeign.java:104)
	at jdk.proxy2/jdk.proxy2.$Proxy99.register(Unknown Source)
	at de.yagub.deliverysystem.msprocessmanager.service.orchestration.msuser.UserOrchestrationService.lambda$registerUser$0(UserOrchestrationService.java:23)
	at io.micrometer.observation.Observation.observe(Observation.java:564)
	at org.springframework.cloud.client.circuitbreaker.observation.ObservedSupplier.get(ObservedSupplier.java:48)
	at java.base/java.util.concurrent.FutureTask.run(FutureTask.java:264)
	at java.base/java.util.concurrent.ThreadPoolExecutor.runWorker(ThreadPoolExecutor.java:1136)
	at java.base/java.util.concurrent.ThreadPoolExecutor$Worker.run(ThreadPoolExecutor.java:635)
	at java.base/java.lang.Thread.run(Thread.java:842)
2025-05-10 00:31:08 [pool-2-thread-1] DEBUG d.y.d.m.s.o.m.UserOrchestrationService - Attempting user registration for user6
2025-05-10 00:31:08 [pool-2-thread-1] DEBUG o.s.c.o.support.SpringEncoder - Writing [RegistrationRequest[username=user6, password=12345]] using [org.springframework.http.converter.json.MappingJackson2HttpMessageConverter@701d2b59]
2025-05-10 00:31:08 [http-nio-5051-exec-8] ERROR o.a.c.c.C.[.[.[.[dispatcherServlet] - Servlet.service() for servlet [dispatcherServlet] in context with path [] threw exception [Request processing failed: org.springframework.cloud.client.circuitbreaker.NoFallbackAvailableException: No fallback available.] with root cause
feign.FeignException$Conflict: [409] during [POST] to [http://localhost:5050/api/users/register] [UserServiceClient#register(RegistrationRequest)]: [{"errorCode":"USERNAME_ALREADY_EXISTS","message":"Username 'user6' already exists","uuid":"1af11c7d-3aeb-49cb-8331-584bd4258f28","path":"/api/users/register","timestamp":"2025-05-09T22:31:08.102419400Z"}]
	at feign.FeignException.clientErrorStatus(FeignException.java:255)
	at feign.FeignException.errorStatus(FeignException.java:223)
	at feign.FeignException.errorStatus(FeignException.java:213)
	at feign.codec.ErrorDecoder$Default.decode(ErrorDecoder.java:103)
	at feign.error.AnnotationErrorDecoder.decode(AnnotationErrorDecoder.java:46)
	at feign.InvocationContext.decodeError(InvocationContext.java:133)
	at feign.InvocationContext.proceed(InvocationContext.java:80)
	at feign.ResponseHandler.handleResponse(ResponseHandler.java:69)
	at feign.SynchronousMethodHandler.executeAndDecode(SynchronousMethodHandler.java:109)
	at feign.SynchronousMethodHandler.invoke(SynchronousMethodHandler.java:53)
	at feign.ReflectiveFeign$FeignInvocationHandler.invoke(ReflectiveFeign.java:104)
	at jdk.proxy2/jdk.proxy2.$Proxy99.register(Unknown Source)
	at de.yagub.deliverysystem.msprocessmanager.service.orchestration.msuser.UserOrchestrationService.lambda$registerUser$0(UserOrchestrationService.java:23)
	at io.micrometer.observation.Observation.observe(Observation.java:564)
	at org.springframework.cloud.client.circuitbreaker.observation.ObservedSupplier.get(ObservedSupplier.java:48)
	at java.base/java.util.concurrent.FutureTask.run(FutureTask.java:264)
	at java.base/java.util.concurrent.ThreadPoolExecutor.runWorker(ThreadPoolExecutor.java:1136)
	at java.base/java.util.concurrent.ThreadPoolExecutor$Worker.run(ThreadPoolExecutor.java:635)
	at java.base/java.lang.Thread.run(Thread.java:842)
2025-05-10 00:34:08 [SpringApplicationShutdownHook] INFO  o.s.b.w.e.tomcat.GracefulShutdown - Commencing graceful shutdown. Waiting for active requests to complete
2025-05-10 00:34:08 [tomcat-shutdown] INFO  o.s.b.w.e.tomcat.GracefulShutdown - Graceful shutdown complete
2025-05-10 00:34:29 [main] INFO  d.y.d.m.MsProcessManagerApplication - Starting MsProcessManagerApplication using Java 17.0.10 with PID 12320 (C:\Users\user\Documents\Back end Engineering Germany\deliverysystem\ms-process-manager\build\classes\java\main started by user in C:\Users\user\Documents\Back end Engineering Germany\deliverysystem\ms-process-manager)
2025-05-10 00:34:29 [main] DEBUG d.y.d.m.MsProcessManagerApplication - Running with Spring Boot v3.4.5, Spring v6.2.6
2025-05-10 00:34:29 [main] INFO  d.y.d.m.MsProcessManagerApplication - No active profile set, falling back to 1 default profile: "default"
2025-05-10 00:34:31 [main] INFO  o.s.cloud.context.scope.GenericScope - BeanFactory id=e4edc53c-d52a-3a74-bcee-46914b22b608
2025-05-10 00:34:31 [main] INFO  o.s.b.w.e.tomcat.TomcatWebServer - Tomcat initialized with port 5051 (http)
2025-05-10 00:34:31 [main] INFO  o.a.catalina.core.StandardService - Starting service [Tomcat]
2025-05-10 00:34:31 [main] INFO  o.a.catalina.core.StandardEngine - Starting Servlet engine: [Apache Tomcat/10.1.40]
2025-05-10 00:34:31 [main] INFO  o.a.c.c.C.[Tomcat].[localhost].[/] - Initializing Spring embedded WebApplicationContext
2025-05-10 00:34:31 [main] INFO  o.s.b.w.s.c.ServletWebServerApplicationContext - Root WebApplicationContext: initialization completed in 2744 ms
2025-05-10 00:34:32 [main] DEBUG o.s.c.o.FeignClientFactoryBean - Creating a FeignClientFactoryBean.
2025-05-10 00:34:34 [main] INFO  o.s.b.a.e.web.EndpointLinksResolver - Exposing 3 endpoints beneath base path '/actuator'
2025-05-10 00:34:34 [main] INFO  o.s.b.w.e.tomcat.TomcatWebServer - Tomcat started on port 5051 (http) with context path '/'
2025-05-10 00:34:34 [main] INFO  d.y.d.m.MsProcessManagerApplication - Started MsProcessManagerApplication in 6.622 seconds (process running for 8.221)
2025-05-10 00:34:35 [RMI TCP Connection(1)-172.31.112.1] INFO  o.a.c.c.C.[Tomcat].[localhost].[/] - Initializing Spring DispatcherServlet 'dispatcherServlet'
2025-05-10 00:34:57 [pool-2-thread-1] DEBUG d.y.d.m.s.o.m.UserOrchestrationService - Attempting user registration for user6
2025-05-10 00:34:57 [pool-2-thread-1] DEBUG o.s.c.o.support.SpringEncoder - Writing [RegistrationRequest[username=user6, password=12345]] using [org.springframework.http.converter.json.MappingJackson2HttpMessageConverter@d62472f]
2025-05-10 00:34:57 [http-nio-5051-exec-1] ERROR o.a.c.c.C.[.[.[.[dispatcherServlet] - Servlet.service() for servlet [dispatcherServlet] in context with path [] threw exception [Request processing failed: org.springframework.cloud.client.circuitbreaker.NoFallbackAvailableException: No fallback available.] with root cause
feign.FeignException$Conflict: [409] during [POST] to [http://localhost:5050/api/users/register] [UserServiceClient#register(RegistrationRequest)]: [{"errorCode":"USERNAME_ALREADY_EXISTS","message":"Username 'user6' already exists","uuid":"2d396d8f-00ec-4abb-8582-4883dbe0726a","path":"/api/users/register","timestamp":"2025-05-09T22:34:57.196182300Z"}]
	at feign.FeignException.clientErrorStatus(FeignException.java:255)
	at feign.FeignException.errorStatus(FeignException.java:223)
	at feign.FeignException.errorStatus(FeignException.java:213)
	at feign.codec.ErrorDecoder$Default.decode(ErrorDecoder.java:103)
	at feign.error.AnnotationErrorDecoder.decode(AnnotationErrorDecoder.java:46)
	at feign.InvocationContext.decodeError(InvocationContext.java:133)
	at feign.InvocationContext.proceed(InvocationContext.java:80)
	at feign.ResponseHandler.handleResponse(ResponseHandler.java:69)
	at feign.SynchronousMethodHandler.executeAndDecode(SynchronousMethodHandler.java:109)
	at feign.SynchronousMethodHandler.invoke(SynchronousMethodHandler.java:53)
	at feign.ReflectiveFeign$FeignInvocationHandler.invoke(ReflectiveFeign.java:104)
	at jdk.proxy2/jdk.proxy2.$Proxy99.register(Unknown Source)
	at de.yagub.deliverysystem.msprocessmanager.service.orchestration.msuser.UserOrchestrationService.lambda$registerUser$0(UserOrchestrationService.java:23)
	at io.micrometer.observation.Observation.observe(Observation.java:564)
	at org.springframework.cloud.client.circuitbreaker.observation.ObservedSupplier.get(ObservedSupplier.java:48)
	at java.base/java.util.concurrent.FutureTask.run(FutureTask.java:264)
	at java.base/java.util.concurrent.ThreadPoolExecutor.runWorker(ThreadPoolExecutor.java:1136)
	at java.base/java.util.concurrent.ThreadPoolExecutor$Worker.run(ThreadPoolExecutor.java:635)
	at java.base/java.lang.Thread.run(Thread.java:842)
2025-05-10 00:36:25 [SpringApplicationShutdownHook] INFO  o.s.b.w.e.tomcat.GracefulShutdown - Commencing graceful shutdown. Waiting for active requests to complete
2025-05-10 00:36:25 [tomcat-shutdown] INFO  o.s.b.w.e.tomcat.GracefulShutdown - Graceful shutdown complete
2025-05-10 00:36:43 [main] INFO  d.y.d.m.MsProcessManagerApplication - Starting MsProcessManagerApplication using Java 17.0.10 with PID 11856 (C:\Users\user\Documents\Back end Engineering Germany\deliverysystem\ms-process-manager\build\classes\java\main started by user in C:\Users\user\Documents\Back end Engineering Germany\deliverysystem\ms-process-manager)
2025-05-10 00:36:43 [main] DEBUG d.y.d.m.MsProcessManagerApplication - Running with Spring Boot v3.4.5, Spring v6.2.6
2025-05-10 00:36:43 [main] INFO  d.y.d.m.MsProcessManagerApplication - No active profile set, falling back to 1 default profile: "default"
2025-05-10 00:36:46 [main] INFO  o.s.cloud.context.scope.GenericScope - BeanFactory id=e4edc53c-d52a-3a74-bcee-46914b22b608
2025-05-10 00:36:47 [main] INFO  o.s.b.w.e.tomcat.TomcatWebServer - Tomcat initialized with port 5051 (http)
2025-05-10 00:36:47 [main] INFO  o.a.catalina.core.StandardService - Starting service [Tomcat]
2025-05-10 00:36:47 [main] INFO  o.a.catalina.core.StandardEngine - Starting Servlet engine: [Apache Tomcat/10.1.40]
2025-05-10 00:36:47 [main] INFO  o.a.c.c.C.[Tomcat].[localhost].[/] - Initializing Spring embedded WebApplicationContext
2025-05-10 00:36:47 [main] INFO  o.s.b.w.s.c.ServletWebServerApplicationContext - Root WebApplicationContext: initialization completed in 3141 ms
2025-05-10 00:36:47 [main] DEBUG o.s.c.o.FeignClientFactoryBean - Creating a FeignClientFactoryBean.
2025-05-10 00:38:39 [main] INFO  o.s.b.a.e.web.EndpointLinksResolver - Exposing 3 endpoints beneath base path '/actuator'
2025-05-10 00:38:39 [main] INFO  o.s.b.w.e.tomcat.TomcatWebServer - Tomcat started on port 5051 (http) with context path '/'
2025-05-10 00:38:40 [main] INFO  d.y.d.m.MsProcessManagerApplication - Started MsProcessManagerApplication in 118.156 seconds (process running for 121.64)
2025-05-10 00:38:41 [RMI TCP Connection(4)-172.31.112.1] INFO  o.a.c.c.C.[Tomcat].[localhost].[/] - Initializing Spring DispatcherServlet 'dispatcherServlet'
2025-05-10 00:39:06 [pool-2-thread-1] DEBUG d.y.d.m.s.o.m.UserOrchestrationService - Attempting user registration for user6
2025-05-10 00:39:06 [pool-2-thread-1] DEBUG o.s.c.o.support.SpringEncoder - Writing [RegistrationRequest[username=user6, password=12345]] using [org.springframework.http.converter.json.MappingJackson2HttpMessageConverter@4005e485]
2025-05-10 00:39:07 [http-nio-5051-exec-1] ERROR o.a.c.c.C.[.[.[.[dispatcherServlet] - Servlet.service() for servlet [dispatcherServlet] in context with path [] threw exception [Request processing failed: org.springframework.cloud.client.circuitbreaker.NoFallbackAvailableException: No fallback available.] with root cause
feign.FeignException$Conflict: [409] during [POST] to [http://localhost:5050/api/users/register] [UserServiceClient#register(RegistrationRequest)]: [{"errorCode":"USERNAME_ALREADY_EXISTS","message":"Username 'user6' already exists","uuid":"499c9a75-b883-46e6-96c1-61dab2abcf5b","path":"/api/users/register","timestamp":"2025-05-09T22:39:07.157356400Z"}]
	at feign.FeignException.clientErrorStatus(FeignException.java:255)
	at feign.FeignException.errorStatus(FeignException.java:223)
	at feign.FeignException.errorStatus(FeignException.java:213)
	at feign.codec.ErrorDecoder$Default.decode(ErrorDecoder.java:103)
	at feign.error.AnnotationErrorDecoder.decode(AnnotationErrorDecoder.java:46)
	at feign.InvocationContext.decodeError(InvocationContext.java:133)
	at feign.InvocationContext.proceed(InvocationContext.java:80)
	at feign.ResponseHandler.handleResponse(ResponseHandler.java:69)
	at feign.SynchronousMethodHandler.executeAndDecode(SynchronousMethodHandler.java:109)
	at feign.SynchronousMethodHandler.invoke(SynchronousMethodHandler.java:53)
	at feign.ReflectiveFeign$FeignInvocationHandler.invoke(ReflectiveFeign.java:104)
	at jdk.proxy2/jdk.proxy2.$Proxy99.register(Unknown Source)
	at de.yagub.deliverysystem.msprocessmanager.service.orchestration.msuser.UserOrchestrationService.lambda$registerUser$0(UserOrchestrationService.java:23)
	at io.micrometer.observation.Observation.observe(Observation.java:564)
	at org.springframework.cloud.client.circuitbreaker.observation.ObservedSupplier.get(ObservedSupplier.java:48)
	at java.base/java.util.concurrent.FutureTask.run$$$capture(FutureTask.java:264)
	at java.base/java.util.concurrent.FutureTask.run(FutureTask.java)
	at java.base/java.util.concurrent.ThreadPoolExecutor.runWorker(ThreadPoolExecutor.java:1136)
	at java.base/java.util.concurrent.ThreadPoolExecutor$Worker.run(ThreadPoolExecutor.java:635)
	at java.base/java.lang.Thread.run(Thread.java:842)
2025-05-10 00:39:42 [SpringApplicationShutdownHook] INFO  o.s.b.w.e.tomcat.GracefulShutdown - Commencing graceful shutdown. Waiting for active requests to complete
2025-05-10 00:39:43 [tomcat-shutdown] INFO  o.s.b.w.e.tomcat.GracefulShutdown - Graceful shutdown complete
2025-05-10 00:40:00 [main] INFO  d.y.d.m.MsProcessManagerApplication - Starting MsProcessManagerApplication using Java 17.0.10 with PID 21060 (C:\Users\user\Documents\Back end Engineering Germany\deliverysystem\ms-process-manager\build\classes\java\main started by user in C:\Users\user\Documents\Back end Engineering Germany\deliverysystem\ms-process-manager)
2025-05-10 00:40:00 [main] DEBUG d.y.d.m.MsProcessManagerApplication - Running with Spring Boot v3.4.5, Spring v6.2.6
2025-05-10 00:40:00 [main] INFO  d.y.d.m.MsProcessManagerApplication - No active profile set, falling back to 1 default profile: "default"
2025-05-10 00:40:02 [main] INFO  o.s.cloud.context.scope.GenericScope - BeanFactory id=e4edc53c-d52a-3a74-bcee-46914b22b608
2025-05-10 00:40:03 [main] INFO  o.s.b.w.e.tomcat.TomcatWebServer - Tomcat initialized with port 5051 (http)
2025-05-10 00:40:03 [main] INFO  o.a.catalina.core.StandardService - Starting service [Tomcat]
2025-05-10 00:40:03 [main] INFO  o.a.catalina.core.StandardEngine - Starting Servlet engine: [Apache Tomcat/10.1.40]
2025-05-10 00:40:03 [main] INFO  o.a.c.c.C.[Tomcat].[localhost].[/] - Initializing Spring embedded WebApplicationContext
2025-05-10 00:40:03 [main] INFO  o.s.b.w.s.c.ServletWebServerApplicationContext - Root WebApplicationContext: initialization completed in 2969 ms
2025-05-10 00:40:03 [main] DEBUG o.s.c.o.FeignClientFactoryBean - Creating a FeignClientFactoryBean.
2025-05-10 00:40:04 [main] INFO  o.s.b.a.e.web.EndpointLinksResolver - Exposing 3 endpoints beneath base path '/actuator'
2025-05-10 00:40:05 [main] INFO  o.s.b.w.e.tomcat.TomcatWebServer - Tomcat started on port 5051 (http) with context path '/'
2025-05-10 00:40:05 [main] INFO  d.y.d.m.MsProcessManagerApplication - Started MsProcessManagerApplication in 6.207 seconds (process running for 7.894)
2025-05-10 00:40:05 [RMI TCP Connection(2)-172.31.112.1] INFO  o.a.c.c.C.[Tomcat].[localhost].[/] - Initializing Spring DispatcherServlet 'dispatcherServlet'
2025-05-10 00:40:47 [SpringApplicationShutdownHook] INFO  o.s.b.w.e.tomcat.GracefulShutdown - Commencing graceful shutdown. Waiting for active requests to complete
2025-05-10 00:40:47 [tomcat-shutdown] INFO  o.s.b.w.e.tomcat.GracefulShutdown - Graceful shutdown complete
2025-05-10 00:41:01 [main] INFO  d.y.d.m.MsProcessManagerApplication - Starting MsProcessManagerApplication using Java 17.0.10 with PID 22012 (C:\Users\user\Documents\Back end Engineering Germany\deliverysystem\ms-process-manager\build\classes\java\main started by user in C:\Users\user\Documents\Back end Engineering Germany\deliverysystem\ms-process-manager)
2025-05-10 00:41:01 [main] DEBUG d.y.d.m.MsProcessManagerApplication - Running with Spring Boot v3.4.5, Spring v6.2.6
2025-05-10 00:41:01 [main] INFO  d.y.d.m.MsProcessManagerApplication - No active profile set, falling back to 1 default profile: "default"
2025-05-10 00:41:04 [main] INFO  o.s.cloud.context.scope.GenericScope - BeanFactory id=e4edc53c-d52a-3a74-bcee-46914b22b608
2025-05-10 00:41:05 [main] INFO  o.s.b.w.e.tomcat.TomcatWebServer - Tomcat initialized with port 5051 (http)
2025-05-10 00:41:05 [main] INFO  o.a.catalina.core.StandardService - Starting service [Tomcat]
2025-05-10 00:41:05 [main] INFO  o.a.catalina.core.StandardEngine - Starting Servlet engine: [Apache Tomcat/10.1.40]
2025-05-10 00:41:05 [main] INFO  o.a.c.c.C.[Tomcat].[localhost].[/] - Initializing Spring embedded WebApplicationContext
2025-05-10 00:41:05 [main] INFO  o.s.b.w.s.c.ServletWebServerApplicationContext - Root WebApplicationContext: initialization completed in 3757 ms
2025-05-10 00:41:05 [main] DEBUG o.s.c.o.FeignClientFactoryBean - Creating a FeignClientFactoryBean.
2025-05-10 00:41:54 [main] INFO  o.s.b.a.e.web.EndpointLinksResolver - Exposing 3 endpoints beneath base path '/actuator'
2025-05-10 00:41:54 [main] INFO  o.s.b.w.e.tomcat.TomcatWebServer - Tomcat started on port 5051 (http) with context path '/'
2025-05-10 00:41:54 [main] INFO  d.y.d.m.MsProcessManagerApplication - Started MsProcessManagerApplication in 55.087 seconds (process running for 57.354)
2025-05-10 00:41:55 [RMI TCP Connection(7)-172.31.112.1] INFO  o.a.c.c.C.[Tomcat].[localhost].[/] - Initializing Spring DispatcherServlet 'dispatcherServlet'
2025-05-10 00:42:13 [pool-2-thread-1] DEBUG d.y.d.m.s.o.m.UserOrchestrationService - Attempting user registration for user6
2025-05-10 00:42:13 [pool-2-thread-1] DEBUG o.s.c.o.support.SpringEncoder - Writing [RegistrationRequest[username=user6, password=12345]] using [org.springframework.http.converter.json.MappingJackson2HttpMessageConverter@1da75dde]
2025-05-10 00:42:14 [http-nio-5051-exec-1] ERROR o.a.c.c.C.[.[.[.[dispatcherServlet] - Servlet.service() for servlet [dispatcherServlet] in context with path [] threw exception [Request processing failed: org.springframework.cloud.client.circuitbreaker.NoFallbackAvailableException: No fallback available.] with root cause
feign.FeignException$Conflict: [409] during [POST] to [http://localhost:5050/api/users/register] [UserServiceClient#register(RegistrationRequest)]: [{"errorCode":"USERNAME_ALREADY_EXISTS","message":"Username 'user6' already exists","uuid":"753ec07b-6cca-48a9-bde7-724d89c3ea0b","path":"/api/users/register","timestamp":"2025-05-09T22:42:14.136940700Z"}]
	at feign.FeignException.clientErrorStatus(FeignException.java:255)
	at feign.FeignException.errorStatus(FeignException.java:223)
	at feign.FeignException.errorStatus(FeignException.java:213)
	at feign.codec.ErrorDecoder$Default.decode(ErrorDecoder.java:103)
	at feign.error.AnnotationErrorDecoder.decode(AnnotationErrorDecoder.java:46)
	at feign.InvocationContext.decodeError(InvocationContext.java:133)
	at feign.InvocationContext.proceed(InvocationContext.java:80)
	at feign.ResponseHandler.handleResponse(ResponseHandler.java:69)
	at feign.SynchronousMethodHandler.executeAndDecode(SynchronousMethodHandler.java:109)
	at feign.SynchronousMethodHandler.invoke(SynchronousMethodHandler.java:53)
	at feign.ReflectiveFeign$FeignInvocationHandler.invoke(ReflectiveFeign.java:104)
	at jdk.proxy2/jdk.proxy2.$Proxy99.register(Unknown Source)
	at de.yagub.deliverysystem.msprocessmanager.service.orchestration.msuser.UserOrchestrationService.lambda$registerUser$0(UserOrchestrationService.java:23)
	at io.micrometer.observation.Observation.observe(Observation.java:564)
	at org.springframework.cloud.client.circuitbreaker.observation.ObservedSupplier.get(ObservedSupplier.java:48)
	at java.base/java.util.concurrent.FutureTask.run$$$capture(FutureTask.java:264)
	at java.base/java.util.concurrent.FutureTask.run(FutureTask.java)
	at java.base/java.util.concurrent.ThreadPoolExecutor.runWorker(ThreadPoolExecutor.java:1136)
	at java.base/java.util.concurrent.ThreadPoolExecutor$Worker.run(ThreadPoolExecutor.java:635)
	at java.base/java.lang.Thread.run(Thread.java:842)
2025-05-10 00:42:54 [SpringApplicationShutdownHook] INFO  o.s.b.w.e.tomcat.GracefulShutdown - Commencing graceful shutdown. Waiting for active requests to complete
2025-05-10 00:42:56 [tomcat-shutdown] INFO  o.s.b.w.e.tomcat.GracefulShutdown - Graceful shutdown complete
2025-05-10 00:43:57 [main] INFO  d.y.d.m.MsProcessManagerApplication - Starting MsProcessManagerApplication using Java 17.0.10 with PID 24020 (C:\Users\user\Documents\Back end Engineering Germany\deliverysystem\ms-process-manager\build\classes\java\main started by user in C:\Users\user\Documents\Back end Engineering Germany\deliverysystem\ms-process-manager)
2025-05-10 00:43:57 [main] DEBUG d.y.d.m.MsProcessManagerApplication - Running with Spring Boot v3.4.5, Spring v6.2.6
2025-05-10 00:43:57 [main] INFO  d.y.d.m.MsProcessManagerApplication - No active profile set, falling back to 1 default profile: "default"
2025-05-10 00:44:00 [main] INFO  o.s.cloud.context.scope.GenericScope - BeanFactory id=e4edc53c-d52a-3a74-bcee-46914b22b608
2025-05-10 00:44:01 [main] INFO  o.s.b.w.e.tomcat.TomcatWebServer - Tomcat initialized with port 5051 (http)
2025-05-10 00:44:01 [main] INFO  o.a.catalina.core.StandardService - Starting service [Tomcat]
2025-05-10 00:44:01 [main] INFO  o.a.catalina.core.StandardEngine - Starting Servlet engine: [Apache Tomcat/10.1.40]
2025-05-10 00:44:01 [main] INFO  o.a.c.c.C.[Tomcat].[localhost].[/] - Initializing Spring embedded WebApplicationContext
2025-05-10 00:44:01 [main] INFO  o.s.b.w.s.c.ServletWebServerApplicationContext - Root WebApplicationContext: initialization completed in 3661 ms
2025-05-10 00:44:02 [main] DEBUG o.s.c.o.FeignClientFactoryBean - Creating a FeignClientFactoryBean.
2025-05-10 00:44:18 [main] INFO  o.s.b.a.e.web.EndpointLinksResolver - Exposing 3 endpoints beneath base path '/actuator'
2025-05-10 00:44:18 [main] INFO  o.s.b.w.e.tomcat.TomcatWebServer - Tomcat started on port 5051 (http) with context path '/'
2025-05-10 00:44:19 [main] INFO  d.y.d.m.MsProcessManagerApplication - Started MsProcessManagerApplication in 23.12 seconds (process running for 25.21)
2025-05-10 00:44:26 [http-nio-5051-exec-2] INFO  o.a.c.c.C.[Tomcat].[localhost].[/] - Initializing Spring DispatcherServlet 'dispatcherServlet'
2025-05-10 00:44:26 [pool-2-thread-1] DEBUG d.y.d.m.s.o.m.UserOrchestrationService - Attempting user registration for user6
2025-05-10 00:44:26 [pool-2-thread-1] DEBUG o.s.c.o.support.SpringEncoder - Writing [RegistrationRequest[username=user6, password=12345]] using [org.springframework.http.converter.json.MappingJackson2HttpMessageConverter@5835e24a]
2025-05-10 00:44:27 [http-nio-5051-exec-2] ERROR o.a.c.c.C.[.[.[.[dispatcherServlet] - Servlet.service() for servlet [dispatcherServlet] in context with path [] threw exception [Request processing failed: org.springframework.cloud.client.circuitbreaker.NoFallbackAvailableException: No fallback available.] with root cause
feign.FeignException$Conflict: [409] during [POST] to [http://localhost:5050/api/users/register] [UserServiceClient#register(RegistrationRequest)]: [{"errorCode":"USERNAME_ALREADY_EXISTS","message":"Username 'user6' already exists","uuid":"67d1e844-c10d-45a8-907f-0e733e9429db","path":"/api/users/register","timestamp":"2025-05-09T22:44:27.177339600Z"}]
	at feign.FeignException.clientErrorStatus(FeignException.java:255)
	at feign.FeignException.errorStatus(FeignException.java:223)
	at feign.FeignException.errorStatus(FeignException.java:213)
	at feign.codec.ErrorDecoder$Default.decode(ErrorDecoder.java:103)
	at feign.error.AnnotationErrorDecoder.decode(AnnotationErrorDecoder.java:46)
	at feign.InvocationContext.decodeError(InvocationContext.java:133)
	at feign.InvocationContext.proceed(InvocationContext.java:80)
	at feign.ResponseHandler.handleResponse(ResponseHandler.java:69)
	at feign.SynchronousMethodHandler.executeAndDecode(SynchronousMethodHandler.java:109)
	at feign.SynchronousMethodHandler.invoke(SynchronousMethodHandler.java:53)
	at feign.ReflectiveFeign$FeignInvocationHandler.invoke(ReflectiveFeign.java:104)
	at jdk.proxy2/jdk.proxy2.$Proxy99.register(Unknown Source)
	at de.yagub.deliverysystem.msprocessmanager.service.orchestration.msuser.UserOrchestrationService.lambda$registerUser$0(UserOrchestrationService.java:23)
	at io.micrometer.observation.Observation.observe(Observation.java:564)
	at org.springframework.cloud.client.circuitbreaker.observation.ObservedSupplier.get(ObservedSupplier.java:48)
	at java.base/java.util.concurrent.FutureTask.run$$$capture(FutureTask.java:264)
	at java.base/java.util.concurrent.FutureTask.run(FutureTask.java)
	at java.base/java.util.concurrent.ThreadPoolExecutor.runWorker(ThreadPoolExecutor.java:1136)
	at java.base/java.util.concurrent.ThreadPoolExecutor$Worker.run(ThreadPoolExecutor.java:635)
	at java.base/java.lang.Thread.run(Thread.java:842)
2025-05-10 00:49:54 [SpringApplicationShutdownHook] INFO  o.s.b.w.e.tomcat.GracefulShutdown - Commencing graceful shutdown. Waiting for active requests to complete
2025-05-10 00:49:55 [tomcat-shutdown] INFO  o.s.b.w.e.tomcat.GracefulShutdown - Graceful shutdown complete
2025-05-10 00:50:22 [main] INFO  d.y.d.m.MsProcessManagerApplication - Starting MsProcessManagerApplication using Java 17.0.10 with PID 12112 (C:\Users\user\Documents\Back end Engineering Germany\deliverysystem\ms-process-manager\build\classes\java\main started by user in C:\Users\user\Documents\Back end Engineering Germany\deliverysystem\ms-process-manager)
2025-05-10 00:50:22 [main] DEBUG d.y.d.m.MsProcessManagerApplication - Running with Spring Boot v3.4.5, Spring v6.2.6
2025-05-10 00:50:22 [main] INFO  d.y.d.m.MsProcessManagerApplication - No active profile set, falling back to 1 default profile: "default"
2025-05-10 00:50:26 [main] INFO  o.s.cloud.context.scope.GenericScope - BeanFactory id=e4edc53c-d52a-3a74-bcee-46914b22b608
2025-05-10 00:50:27 [main] INFO  o.s.b.w.e.tomcat.TomcatWebServer - Tomcat initialized with port 5051 (http)
2025-05-10 00:50:27 [main] INFO  o.a.catalina.core.StandardService - Starting service [Tomcat]
2025-05-10 00:50:27 [main] INFO  o.a.catalina.core.StandardEngine - Starting Servlet engine: [Apache Tomcat/10.1.40]
2025-05-10 00:50:27 [main] INFO  o.a.c.c.C.[Tomcat].[localhost].[/] - Initializing Spring embedded WebApplicationContext
2025-05-10 00:50:27 [main] INFO  o.s.b.w.s.c.ServletWebServerApplicationContext - Root WebApplicationContext: initialization completed in 5637 ms
2025-05-10 00:50:28 [main] DEBUG o.s.c.o.FeignClientFactoryBean - Creating a FeignClientFactoryBean.
2025-05-10 00:50:28 [main] WARN  o.s.c.a.AnnotationConfigApplicationContext - Exception encountered during context initialization - cancelling refresh attempt: org.springframework.beans.factory.BeanCreationException: Error creating bean with name 'errorDecoder' defined in de.yagub.deliverysystem.msprocessmanager.config.FeignConfig: Failed to instantiate [feign.codec.ErrorDecoder]: Factory method 'errorDecoder' threw exception with message: Cannot have two parameters either without annotations or with @ResponseBody annotation
2025-05-10 00:50:28 [main] WARN  o.s.b.w.s.c.AnnotationConfigServletWebServerApplicationContext - Exception encountered during context initialization - cancelling refresh attempt: org.springframework.beans.factory.UnsatisfiedDependencyException: Error creating bean with name 'userController' defined in file [C:\Users\user\Documents\Back end Engineering Germany\deliverysystem\ms-process-manager\build\classes\java\main\de\yagub\deliverysystem\msprocessmanager\controller\UserController.class]: Unsatisfied dependency expressed through constructor parameter 0: Error creating bean with name 'userOrchestrationService' defined in file [C:\Users\user\Documents\Back end Engineering Germany\deliverysystem\ms-process-manager\build\classes\java\main\de\yagub\deliverysystem\msprocessmanager\service\orchestration\msuser\UserOrchestrationService.class]: Unsatisfied dependency expressed through constructor parameter 0: Error creating bean with name 'de.yagub.deliverysystem.msprocessmanager.service.client.msuser.UserServiceClient': FactoryBean threw exception on object creation
2025-05-10 00:50:28 [main] INFO  o.a.catalina.core.StandardService - Stopping service [Tomcat]
2025-05-10 00:50:29 [main] INFO  o.s.b.a.l.ConditionEvaluationReportLogger - 

Error starting ApplicationContext. To display the condition evaluation report re-run your application with 'debug' enabled.
2025-05-10 00:50:29 [main] ERROR o.s.boot.SpringApplication - Application run failed
org.springframework.beans.factory.UnsatisfiedDependencyException: Error creating bean with name 'userController' defined in file [C:\Users\user\Documents\Back end Engineering Germany\deliverysystem\ms-process-manager\build\classes\java\main\de\yagub\deliverysystem\msprocessmanager\controller\UserController.class]: Unsatisfied dependency expressed through constructor parameter 0: Error creating bean with name 'userOrchestrationService' defined in file [C:\Users\user\Documents\Back end Engineering Germany\deliverysystem\ms-process-manager\build\classes\java\main\de\yagub\deliverysystem\msprocessmanager\service\orchestration\msuser\UserOrchestrationService.class]: Unsatisfied dependency expressed through constructor parameter 0: Error creating bean with name 'de.yagub.deliverysystem.msprocessmanager.service.client.msuser.UserServiceClient': FactoryBean threw exception on object creation
	at org.springframework.beans.factory.support.ConstructorResolver.createArgumentArray(ConstructorResolver.java:804)
	at org.springframework.beans.factory.support.ConstructorResolver.autowireConstructor(ConstructorResolver.java:240)
	at org.springframework.beans.factory.support.AbstractAutowireCapableBeanFactory.autowireConstructor(AbstractAutowireCapableBeanFactory.java:1387)
	at org.springframework.beans.factory.support.AbstractAutowireCapableBeanFactory.createBeanInstance(AbstractAutowireCapableBeanFactory.java:1224)
	at org.springframework.beans.factory.support.AbstractAutowireCapableBeanFactory.doCreateBean(AbstractAutowireCapableBeanFactory.java:569)
	at org.springframework.beans.factory.support.AbstractAutowireCapableBeanFactory.createBean(AbstractAutowireCapableBeanFactory.java:529)
	at org.springframework.beans.factory.support.AbstractBeanFactory.lambda$doGetBean$0(AbstractBeanFactory.java:339)
	at org.springframework.beans.factory.support.DefaultSingletonBeanRegistry.getSingleton(DefaultSingletonBeanRegistry.java:371)
	at org.springframework.beans.factory.support.AbstractBeanFactory.doGetBean(AbstractBeanFactory.java:337)
	at org.springframework.beans.factory.support.AbstractBeanFactory.getBean(AbstractBeanFactory.java:202)
	at org.springframework.beans.factory.support.DefaultListableBeanFactory.instantiateSingleton(DefaultListableBeanFactory.java:1221)
	at org.springframework.beans.factory.support.DefaultListableBeanFactory.preInstantiateSingleton(DefaultListableBeanFactory.java:1187)
	at org.springframework.beans.factory.support.DefaultListableBeanFactory.preInstantiateSingletons(DefaultListableBeanFactory.java:1122)
	at org.springframework.context.support.AbstractApplicationContext.finishBeanFactoryInitialization(AbstractApplicationContext.java:987)
	at org.springframework.context.support.AbstractApplicationContext.refresh(AbstractApplicationContext.java:627)
	at org.springframework.boot.web.servlet.context.ServletWebServerApplicationContext.refresh(ServletWebServerApplicationContext.java:146)
	at org.springframework.boot.SpringApplication.refresh(SpringApplication.java:753)
	at org.springframework.boot.SpringApplication.refreshContext(SpringApplication.java:439)
	at org.springframework.boot.SpringApplication.run(SpringApplication.java:318)
	at org.springframework.boot.SpringApplication.run(SpringApplication.java:1362)
	at org.springframework.boot.SpringApplication.run(SpringApplication.java:1351)
	at de.yagub.deliverysystem.msprocessmanager.MsProcessManagerApplication.main(MsProcessManagerApplication.java:13)
Caused by: org.springframework.beans.factory.UnsatisfiedDependencyException: Error creating bean with name 'userOrchestrationService' defined in file [C:\Users\user\Documents\Back end Engineering Germany\deliverysystem\ms-process-manager\build\classes\java\main\de\yagub\deliverysystem\msprocessmanager\service\orchestration\msuser\UserOrchestrationService.class]: Unsatisfied dependency expressed through constructor parameter 0: Error creating bean with name 'de.yagub.deliverysystem.msprocessmanager.service.client.msuser.UserServiceClient': FactoryBean threw exception on object creation
	at org.springframework.beans.factory.support.ConstructorResolver.createArgumentArray(ConstructorResolver.java:804)
	at org.springframework.beans.factory.support.ConstructorResolver.autowireConstructor(ConstructorResolver.java:240)
	at org.springframework.beans.factory.support.AbstractAutowireCapableBeanFactory.autowireConstructor(AbstractAutowireCapableBeanFactory.java:1387)
	at org.springframework.beans.factory.support.AbstractAutowireCapableBeanFactory.createBeanInstance(AbstractAutowireCapableBeanFactory.java:1224)
	at org.springframework.beans.factory.support.AbstractAutowireCapableBeanFactory.doCreateBean(AbstractAutowireCapableBeanFactory.java:569)
	at org.springframework.beans.factory.support.AbstractAutowireCapableBeanFactory.createBean(AbstractAutowireCapableBeanFactory.java:529)
	at org.springframework.beans.factory.support.AbstractBeanFactory.lambda$doGetBean$0(AbstractBeanFactory.java:339)
	at org.springframework.beans.factory.support.DefaultSingletonBeanRegistry.getSingleton(DefaultSingletonBeanRegistry.java:371)
	at org.springframework.beans.factory.support.AbstractBeanFactory.doGetBean(AbstractBeanFactory.java:337)
	at org.springframework.beans.factory.support.AbstractBeanFactory.getBean(AbstractBeanFactory.java:202)
	at org.springframework.beans.factory.support.DefaultListableBeanFactory.doResolveDependency(DefaultListableBeanFactory.java:1681)
	at org.springframework.beans.factory.support.DefaultListableBeanFactory.resolveDependency(DefaultListableBeanFactory.java:1627)
	at org.springframework.beans.factory.support.ConstructorResolver.resolveAutowiredArgument(ConstructorResolver.java:913)
	at org.springframework.beans.factory.support.ConstructorResolver.createArgumentArray(ConstructorResolver.java:791)
	... 21 common frames omitted
Caused by: org.springframework.beans.factory.BeanCreationException: Error creating bean with name 'de.yagub.deliverysystem.msprocessmanager.service.client.msuser.UserServiceClient': FactoryBean threw exception on object creation
	at org.springframework.beans.factory.support.FactoryBeanRegistrySupport.doGetObjectFromFactoryBean(FactoryBeanRegistrySupport.java:192)
	at org.springframework.beans.factory.support.FactoryBeanRegistrySupport.getObjectFromFactoryBean(FactoryBeanRegistrySupport.java:125)
	at org.springframework.beans.factory.support.AbstractBeanFactory.getObjectForBeanInstance(AbstractBeanFactory.java:1896)
	at org.springframework.beans.factory.support.AbstractAutowireCapableBeanFactory.getObjectForBeanInstance(AbstractAutowireCapableBeanFactory.java:1308)
	at org.springframework.beans.factory.support.AbstractBeanFactory.doGetBean(AbstractBeanFactory.java:349)
	at org.springframework.beans.factory.support.AbstractBeanFactory.getBean(AbstractBeanFactory.java:202)
	at org.springframework.beans.factory.config.DependencyDescriptor.resolveCandidate(DependencyDescriptor.java:254)
	at org.springframework.beans.factory.support.DefaultListableBeanFactory.doResolveDependency(DefaultListableBeanFactory.java:1739)
	at org.springframework.beans.factory.support.DefaultListableBeanFactory.resolveDependency(DefaultListableBeanFactory.java:1627)
	at org.springframework.beans.factory.support.ConstructorResolver.resolveAutowiredArgument(ConstructorResolver.java:913)
	at org.springframework.beans.factory.support.ConstructorResolver.createArgumentArray(ConstructorResolver.java:791)
	... 34 common frames omitted
Caused by: org.springframework.beans.factory.BeanCreationException: Error creating bean with name 'errorDecoder' defined in de.yagub.deliverysystem.msprocessmanager.config.FeignConfig: Failed to instantiate [feign.codec.ErrorDecoder]: Factory method 'errorDecoder' threw exception with message: Cannot have two parameters either without annotations or with @ResponseBody annotation
	at org.springframework.beans.factory.support.ConstructorResolver.instantiate(ConstructorResolver.java:657)
	at org.springframework.beans.factory.support.ConstructorResolver.instantiateUsingFactoryMethod(ConstructorResolver.java:489)
	at org.springframework.beans.factory.support.AbstractAutowireCapableBeanFactory.instantiateUsingFactoryMethod(AbstractAutowireCapableBeanFactory.java:1367)
	at org.springframework.beans.factory.support.AbstractAutowireCapableBeanFactory.createBeanInstance(AbstractAutowireCapableBeanFactory.java:1197)
	at org.springframework.beans.factory.support.AbstractAutowireCapableBeanFactory.doCreateBean(AbstractAutowireCapableBeanFactory.java:569)
	at org.springframework.beans.factory.support.AbstractAutowireCapableBeanFactory.createBean(AbstractAutowireCapableBeanFactory.java:529)
	at org.springframework.beans.factory.support.AbstractBeanFactory.lambda$doGetBean$0(AbstractBeanFactory.java:339)
	at org.springframework.beans.factory.support.DefaultSingletonBeanRegistry.getSingleton(DefaultSingletonBeanRegistry.java:371)
	at org.springframework.beans.factory.support.AbstractBeanFactory.doGetBean(AbstractBeanFactory.java:337)
	at org.springframework.beans.factory.support.AbstractBeanFactory.getBean(AbstractBeanFactory.java:202)
	at org.springframework.beans.factory.support.DefaultListableBeanFactory.instantiateSingleton(DefaultListableBeanFactory.java:1221)
	at org.springframework.beans.factory.support.DefaultListableBeanFactory.preInstantiateSingleton(DefaultListableBeanFactory.java:1187)
	at org.springframework.beans.factory.support.DefaultListableBeanFactory.preInstantiateSingletons(DefaultListableBeanFactory.java:1122)
	at org.springframework.context.support.AbstractApplicationContext.finishBeanFactoryInitialization(AbstractApplicationContext.java:987)
	at org.springframework.context.support.AbstractApplicationContext.refresh(AbstractApplicationContext.java:627)
	at org.springframework.cloud.context.named.NamedContextFactory.createContext(NamedContextFactory.java:139)
	at org.springframework.cloud.context.named.NamedContextFactory.getContext(NamedContextFactory.java:123)
	at org.springframework.cloud.context.named.NamedContextFactory.getInstance(NamedContextFactory.java:200)
	at org.springframework.cloud.openfeign.FeignClientFactoryBean.get(FeignClientFactoryBean.java:398)
	at org.springframework.cloud.openfeign.FeignClientFactoryBean.feign(FeignClientFactoryBean.java:136)
	at org.springframework.cloud.openfeign.FeignClientFactoryBean.getTarget(FeignClientFactoryBean.java:468)
	at org.springframework.cloud.openfeign.FeignClientFactoryBean.getObject(FeignClientFactoryBean.java:456)
	at org.springframework.beans.factory.support.FactoryBeanRegistrySupport.doGetObjectFromFactoryBean(FactoryBeanRegistrySupport.java:186)
	... 44 common frames omitted
Caused by: org.springframework.beans.BeanInstantiationException: Failed to instantiate [feign.codec.ErrorDecoder]: Factory method 'errorDecoder' threw exception with message: Cannot have two parameters either without annotations or with @ResponseBody annotation
	at org.springframework.beans.factory.support.SimpleInstantiationStrategy.lambda$instantiate$0(SimpleInstantiationStrategy.java:199)
	at org.springframework.beans.factory.support.SimpleInstantiationStrategy.instantiateWithFactoryMethod(SimpleInstantiationStrategy.java:88)
	at org.springframework.beans.factory.support.SimpleInstantiationStrategy.instantiate(SimpleInstantiationStrategy.java:168)
	at org.springframework.beans.factory.support.ConstructorResolver.instantiate(ConstructorResolver.java:653)
	... 66 common frames omitted
Caused by: java.lang.IllegalStateException: Cannot have two parameters either without annotations or with @ResponseBody annotation
	at feign.Util.checkState(Util.java:118)
	at feign.error.ExceptionGenerator$Builder.build(ExceptionGenerator.java:170)
	at feign.error.AnnotationErrorDecoder$Builder.readAnnotation(AnnotationErrorDecoder.java:182)
	at feign.error.AnnotationErrorDecoder$Builder.generateErrorHandlerMapFromApi(AnnotationErrorDecoder.java:91)
	at feign.error.AnnotationErrorDecoder$Builder.build(AnnotationErrorDecoder.java:73)
	at de.yagub.deliverysystem.msprocessmanager.config.FeignConfig.errorDecoder(FeignConfig.java:15)
	at de.yagub.deliverysystem.msprocessmanager.config.FeignConfig$$SpringCGLIB$$0.CGLIB$errorDecoder$0(<generated>)
	at de.yagub.deliverysystem.msprocessmanager.config.FeignConfig$$SpringCGLIB$$FastClass$$1.invoke(<generated>)
	at org.springframework.cglib.proxy.MethodProxy.invokeSuper(MethodProxy.java:258)
	at org.springframework.context.annotation.ConfigurationClassEnhancer$BeanMethodInterceptor.intercept(ConfigurationClassEnhancer.java:393)
	at de.yagub.deliverysystem.msprocessmanager.config.FeignConfig$$SpringCGLIB$$0.errorDecoder(<generated>)
	at java.base/jdk.internal.reflect.NativeMethodAccessorImpl.invoke0(Native Method)
	at java.base/jdk.internal.reflect.NativeMethodAccessorImpl.invoke(NativeMethodAccessorImpl.java:77)
	at java.base/jdk.internal.reflect.DelegatingMethodAccessorImpl.invoke(DelegatingMethodAccessorImpl.java:43)
	at java.base/java.lang.reflect.Method.invoke(Method.java:568)
	at org.springframework.beans.factory.support.SimpleInstantiationStrategy.lambda$instantiate$0(SimpleInstantiationStrategy.java:171)
	... 69 common frames omitted
2025-05-10 00:55:52 [main] INFO  d.y.d.m.MsProcessManagerApplication - Starting MsProcessManagerApplication using Java 17.0.10 with PID 5180 (C:\Users\user\Documents\Back end Engineering Germany\deliverysystem\ms-process-manager\build\classes\java\main started by user in C:\Users\user\Documents\Back end Engineering Germany\deliverysystem\ms-process-manager)
2025-05-10 00:55:52 [main] DEBUG d.y.d.m.MsProcessManagerApplication - Running with Spring Boot v3.4.5, Spring v6.2.6
2025-05-10 00:55:52 [main] INFO  d.y.d.m.MsProcessManagerApplication - No active profile set, falling back to 1 default profile: "default"
2025-05-10 00:55:54 [main] INFO  o.s.cloud.context.scope.GenericScope - BeanFactory id=e4edc53c-d52a-3a74-bcee-46914b22b608
2025-05-10 00:55:55 [main] INFO  o.s.b.w.e.tomcat.TomcatWebServer - Tomcat initialized with port 5051 (http)
2025-05-10 00:55:55 [main] INFO  o.a.catalina.core.StandardService - Starting service [Tomcat]
2025-05-10 00:55:55 [main] INFO  o.a.catalina.core.StandardEngine - Starting Servlet engine: [Apache Tomcat/10.1.40]
2025-05-10 00:55:55 [main] INFO  o.a.c.c.C.[Tomcat].[localhost].[/] - Initializing Spring embedded WebApplicationContext
2025-05-10 00:55:55 [main] INFO  o.s.b.w.s.c.ServletWebServerApplicationContext - Root WebApplicationContext: initialization completed in 2876 ms
2025-05-10 00:55:55 [main] DEBUG o.s.c.o.FeignClientFactoryBean - Creating a FeignClientFactoryBean.
2025-05-10 00:55:55 [main] WARN  o.s.c.a.AnnotationConfigApplicationContext - Exception encountered during context initialization - cancelling refresh attempt: org.springframework.beans.factory.BeanCreationException: Error creating bean with name 'errorDecoder' defined in de.yagub.deliverysystem.msprocessmanager.config.FeignConfig: Failed to instantiate [feign.codec.ErrorDecoder]: Factory method 'errorDecoder' threw exception with message: Cannot have two parameters either without annotations or with @ResponseBody annotation
2025-05-10 00:55:55 [main] WARN  o.s.b.w.s.c.AnnotationConfigServletWebServerApplicationContext - Exception encountered during context initialization - cancelling refresh attempt: org.springframework.beans.factory.UnsatisfiedDependencyException: Error creating bean with name 'userController' defined in file [C:\Users\user\Documents\Back end Engineering Germany\deliverysystem\ms-process-manager\build\classes\java\main\de\yagub\deliverysystem\msprocessmanager\controller\UserController.class]: Unsatisfied dependency expressed through constructor parameter 0: Error creating bean with name 'userOrchestrationService' defined in file [C:\Users\user\Documents\Back end Engineering Germany\deliverysystem\ms-process-manager\build\classes\java\main\de\yagub\deliverysystem\msprocessmanager\service\orchestration\msuser\UserOrchestrationService.class]: Unsatisfied dependency expressed through constructor parameter 0: Error creating bean with name 'de.yagub.deliverysystem.msprocessmanager.service.client.msuser.UserServiceClient': FactoryBean threw exception on object creation
2025-05-10 00:55:55 [main] INFO  o.a.catalina.core.StandardService - Stopping service [Tomcat]
2025-05-10 00:55:55 [main] INFO  o.s.b.a.l.ConditionEvaluationReportLogger - 

Error starting ApplicationContext. To display the condition evaluation report re-run your application with 'debug' enabled.
2025-05-10 00:55:56 [main] ERROR o.s.boot.SpringApplication - Application run failed
org.springframework.beans.factory.UnsatisfiedDependencyException: Error creating bean with name 'userController' defined in file [C:\Users\user\Documents\Back end Engineering Germany\deliverysystem\ms-process-manager\build\classes\java\main\de\yagub\deliverysystem\msprocessmanager\controller\UserController.class]: Unsatisfied dependency expressed through constructor parameter 0: Error creating bean with name 'userOrchestrationService' defined in file [C:\Users\user\Documents\Back end Engineering Germany\deliverysystem\ms-process-manager\build\classes\java\main\de\yagub\deliverysystem\msprocessmanager\service\orchestration\msuser\UserOrchestrationService.class]: Unsatisfied dependency expressed through constructor parameter 0: Error creating bean with name 'de.yagub.deliverysystem.msprocessmanager.service.client.msuser.UserServiceClient': FactoryBean threw exception on object creation
	at org.springframework.beans.factory.support.ConstructorResolver.createArgumentArray(ConstructorResolver.java:804)
	at org.springframework.beans.factory.support.ConstructorResolver.autowireConstructor(ConstructorResolver.java:240)
	at org.springframework.beans.factory.support.AbstractAutowireCapableBeanFactory.autowireConstructor(AbstractAutowireCapableBeanFactory.java:1387)
	at org.springframework.beans.factory.support.AbstractAutowireCapableBeanFactory.createBeanInstance(AbstractAutowireCapableBeanFactory.java:1224)
	at org.springframework.beans.factory.support.AbstractAutowireCapableBeanFactory.doCreateBean(AbstractAutowireCapableBeanFactory.java:569)
	at org.springframework.beans.factory.support.AbstractAutowireCapableBeanFactory.createBean(AbstractAutowireCapableBeanFactory.java:529)
	at org.springframework.beans.factory.support.AbstractBeanFactory.lambda$doGetBean$0(AbstractBeanFactory.java:339)
	at org.springframework.beans.factory.support.DefaultSingletonBeanRegistry.getSingleton(DefaultSingletonBeanRegistry.java:371)
	at org.springframework.beans.factory.support.AbstractBeanFactory.doGetBean(AbstractBeanFactory.java:337)
	at org.springframework.beans.factory.support.AbstractBeanFactory.getBean(AbstractBeanFactory.java:202)
	at org.springframework.beans.factory.support.DefaultListableBeanFactory.instantiateSingleton(DefaultListableBeanFactory.java:1221)
	at org.springframework.beans.factory.support.DefaultListableBeanFactory.preInstantiateSingleton(DefaultListableBeanFactory.java:1187)
	at org.springframework.beans.factory.support.DefaultListableBeanFactory.preInstantiateSingletons(DefaultListableBeanFactory.java:1122)
	at org.springframework.context.support.AbstractApplicationContext.finishBeanFactoryInitialization(AbstractApplicationContext.java:987)
	at org.springframework.context.support.AbstractApplicationContext.refresh(AbstractApplicationContext.java:627)
	at org.springframework.boot.web.servlet.context.ServletWebServerApplicationContext.refresh(ServletWebServerApplicationContext.java:146)
	at org.springframework.boot.SpringApplication.refresh(SpringApplication.java:753)
	at org.springframework.boot.SpringApplication.refreshContext(SpringApplication.java:439)
	at org.springframework.boot.SpringApplication.run(SpringApplication.java:318)
	at org.springframework.boot.SpringApplication.run(SpringApplication.java:1362)
	at org.springframework.boot.SpringApplication.run(SpringApplication.java:1351)
	at de.yagub.deliverysystem.msprocessmanager.MsProcessManagerApplication.main(MsProcessManagerApplication.java:13)
Caused by: org.springframework.beans.factory.UnsatisfiedDependencyException: Error creating bean with name 'userOrchestrationService' defined in file [C:\Users\user\Documents\Back end Engineering Germany\deliverysystem\ms-process-manager\build\classes\java\main\de\yagub\deliverysystem\msprocessmanager\service\orchestration\msuser\UserOrchestrationService.class]: Unsatisfied dependency expressed through constructor parameter 0: Error creating bean with name 'de.yagub.deliverysystem.msprocessmanager.service.client.msuser.UserServiceClient': FactoryBean threw exception on object creation
	at org.springframework.beans.factory.support.ConstructorResolver.createArgumentArray(ConstructorResolver.java:804)
	at org.springframework.beans.factory.support.ConstructorResolver.autowireConstructor(ConstructorResolver.java:240)
	at org.springframework.beans.factory.support.AbstractAutowireCapableBeanFactory.autowireConstructor(AbstractAutowireCapableBeanFactory.java:1387)
	at org.springframework.beans.factory.support.AbstractAutowireCapableBeanFactory.createBeanInstance(AbstractAutowireCapableBeanFactory.java:1224)
	at org.springframework.beans.factory.support.AbstractAutowireCapableBeanFactory.doCreateBean(AbstractAutowireCapableBeanFactory.java:569)
	at org.springframework.beans.factory.support.AbstractAutowireCapableBeanFactory.createBean(AbstractAutowireCapableBeanFactory.java:529)
	at org.springframework.beans.factory.support.AbstractBeanFactory.lambda$doGetBean$0(AbstractBeanFactory.java:339)
	at org.springframework.beans.factory.support.DefaultSingletonBeanRegistry.getSingleton(DefaultSingletonBeanRegistry.java:371)
	at org.springframework.beans.factory.support.AbstractBeanFactory.doGetBean(AbstractBeanFactory.java:337)
	at org.springframework.beans.factory.support.AbstractBeanFactory.getBean(AbstractBeanFactory.java:202)
	at org.springframework.beans.factory.support.DefaultListableBeanFactory.doResolveDependency(DefaultListableBeanFactory.java:1681)
	at org.springframework.beans.factory.support.DefaultListableBeanFactory.resolveDependency(DefaultListableBeanFactory.java:1627)
	at org.springframework.beans.factory.support.ConstructorResolver.resolveAutowiredArgument(ConstructorResolver.java:913)
	at org.springframework.beans.factory.support.ConstructorResolver.createArgumentArray(ConstructorResolver.java:791)
	... 21 common frames omitted
Caused by: org.springframework.beans.factory.BeanCreationException: Error creating bean with name 'de.yagub.deliverysystem.msprocessmanager.service.client.msuser.UserServiceClient': FactoryBean threw exception on object creation
	at org.springframework.beans.factory.support.FactoryBeanRegistrySupport.doGetObjectFromFactoryBean(FactoryBeanRegistrySupport.java:192)
	at org.springframework.beans.factory.support.FactoryBeanRegistrySupport.getObjectFromFactoryBean(FactoryBeanRegistrySupport.java:125)
	at org.springframework.beans.factory.support.AbstractBeanFactory.getObjectForBeanInstance(AbstractBeanFactory.java:1896)
	at org.springframework.beans.factory.support.AbstractAutowireCapableBeanFactory.getObjectForBeanInstance(AbstractAutowireCapableBeanFactory.java:1308)
	at org.springframework.beans.factory.support.AbstractBeanFactory.doGetBean(AbstractBeanFactory.java:349)
	at org.springframework.beans.factory.support.AbstractBeanFactory.getBean(AbstractBeanFactory.java:202)
	at org.springframework.beans.factory.config.DependencyDescriptor.resolveCandidate(DependencyDescriptor.java:254)
	at org.springframework.beans.factory.support.DefaultListableBeanFactory.doResolveDependency(DefaultListableBeanFactory.java:1739)
	at org.springframework.beans.factory.support.DefaultListableBeanFactory.resolveDependency(DefaultListableBeanFactory.java:1627)
	at org.springframework.beans.factory.support.ConstructorResolver.resolveAutowiredArgument(ConstructorResolver.java:913)
	at org.springframework.beans.factory.support.ConstructorResolver.createArgumentArray(ConstructorResolver.java:791)
	... 34 common frames omitted
Caused by: org.springframework.beans.factory.BeanCreationException: Error creating bean with name 'errorDecoder' defined in de.yagub.deliverysystem.msprocessmanager.config.FeignConfig: Failed to instantiate [feign.codec.ErrorDecoder]: Factory method 'errorDecoder' threw exception with message: Cannot have two parameters either without annotations or with @ResponseBody annotation
	at org.springframework.beans.factory.support.ConstructorResolver.instantiate(ConstructorResolver.java:657)
	at org.springframework.beans.factory.support.ConstructorResolver.instantiateUsingFactoryMethod(ConstructorResolver.java:489)
	at org.springframework.beans.factory.support.AbstractAutowireCapableBeanFactory.instantiateUsingFactoryMethod(AbstractAutowireCapableBeanFactory.java:1367)
	at org.springframework.beans.factory.support.AbstractAutowireCapableBeanFactory.createBeanInstance(AbstractAutowireCapableBeanFactory.java:1197)
	at org.springframework.beans.factory.support.AbstractAutowireCapableBeanFactory.doCreateBean(AbstractAutowireCapableBeanFactory.java:569)
	at org.springframework.beans.factory.support.AbstractAutowireCapableBeanFactory.createBean(AbstractAutowireCapableBeanFactory.java:529)
	at org.springframework.beans.factory.support.AbstractBeanFactory.lambda$doGetBean$0(AbstractBeanFactory.java:339)
	at org.springframework.beans.factory.support.DefaultSingletonBeanRegistry.getSingleton(DefaultSingletonBeanRegistry.java:371)
	at org.springframework.beans.factory.support.AbstractBeanFactory.doGetBean(AbstractBeanFactory.java:337)
	at org.springframework.beans.factory.support.AbstractBeanFactory.getBean(AbstractBeanFactory.java:202)
	at org.springframework.beans.factory.support.DefaultListableBeanFactory.instantiateSingleton(DefaultListableBeanFactory.java:1221)
	at org.springframework.beans.factory.support.DefaultListableBeanFactory.preInstantiateSingleton(DefaultListableBeanFactory.java:1187)
	at org.springframework.beans.factory.support.DefaultListableBeanFactory.preInstantiateSingletons(DefaultListableBeanFactory.java:1122)
	at org.springframework.context.support.AbstractApplicationContext.finishBeanFactoryInitialization(AbstractApplicationContext.java:987)
	at org.springframework.context.support.AbstractApplicationContext.refresh(AbstractApplicationContext.java:627)
	at org.springframework.cloud.context.named.NamedContextFactory.createContext(NamedContextFactory.java:139)
	at org.springframework.cloud.context.named.NamedContextFactory.getContext(NamedContextFactory.java:123)
	at org.springframework.cloud.context.named.NamedContextFactory.getInstance(NamedContextFactory.java:200)
	at org.springframework.cloud.openfeign.FeignClientFactoryBean.get(FeignClientFactoryBean.java:398)
	at org.springframework.cloud.openfeign.FeignClientFactoryBean.feign(FeignClientFactoryBean.java:136)
	at org.springframework.cloud.openfeign.FeignClientFactoryBean.getTarget(FeignClientFactoryBean.java:468)
	at org.springframework.cloud.openfeign.FeignClientFactoryBean.getObject(FeignClientFactoryBean.java:456)
	at org.springframework.beans.factory.support.FactoryBeanRegistrySupport.doGetObjectFromFactoryBean(FactoryBeanRegistrySupport.java:186)
	... 44 common frames omitted
Caused by: org.springframework.beans.BeanInstantiationException: Failed to instantiate [feign.codec.ErrorDecoder]: Factory method 'errorDecoder' threw exception with message: Cannot have two parameters either without annotations or with @ResponseBody annotation
	at org.springframework.beans.factory.support.SimpleInstantiationStrategy.lambda$instantiate$0(SimpleInstantiationStrategy.java:199)
	at org.springframework.beans.factory.support.SimpleInstantiationStrategy.instantiateWithFactoryMethod(SimpleInstantiationStrategy.java:88)
	at org.springframework.beans.factory.support.SimpleInstantiationStrategy.instantiate(SimpleInstantiationStrategy.java:168)
	at org.springframework.beans.factory.support.ConstructorResolver.instantiate(ConstructorResolver.java:653)
	... 66 common frames omitted
Caused by: java.lang.IllegalStateException: Cannot have two parameters either without annotations or with @ResponseBody annotation
	at feign.Util.checkState(Util.java:118)
	at feign.error.ExceptionGenerator$Builder.build(ExceptionGenerator.java:170)
	at feign.error.AnnotationErrorDecoder$Builder.readAnnotation(AnnotationErrorDecoder.java:182)
	at feign.error.AnnotationErrorDecoder$Builder.generateErrorHandlerMapFromApi(AnnotationErrorDecoder.java:91)
	at feign.error.AnnotationErrorDecoder$Builder.build(AnnotationErrorDecoder.java:73)
	at de.yagub.deliverysystem.msprocessmanager.config.FeignConfig.errorDecoder(FeignConfig.java:15)
	at de.yagub.deliverysystem.msprocessmanager.config.FeignConfig$$SpringCGLIB$$0.CGLIB$errorDecoder$0(<generated>)
	at de.yagub.deliverysystem.msprocessmanager.config.FeignConfig$$SpringCGLIB$$FastClass$$1.invoke(<generated>)
	at org.springframework.cglib.proxy.MethodProxy.invokeSuper(MethodProxy.java:258)
	at org.springframework.context.annotation.ConfigurationClassEnhancer$BeanMethodInterceptor.intercept(ConfigurationClassEnhancer.java:393)
	at de.yagub.deliverysystem.msprocessmanager.config.FeignConfig$$SpringCGLIB$$0.errorDecoder(<generated>)
	at java.base/jdk.internal.reflect.NativeMethodAccessorImpl.invoke0(Native Method)
	at java.base/jdk.internal.reflect.NativeMethodAccessorImpl.invoke(NativeMethodAccessorImpl.java:77)
	at java.base/jdk.internal.reflect.DelegatingMethodAccessorImpl.invoke(DelegatingMethodAccessorImpl.java:43)
	at java.base/java.lang.reflect.Method.invoke(Method.java:568)
	at org.springframework.beans.factory.support.SimpleInstantiationStrategy.lambda$instantiate$0(SimpleInstantiationStrategy.java:171)
	... 69 common frames omitted
2025-05-10 01:00:16 [main] INFO  d.y.d.m.MsProcessManagerApplication - Starting MsProcessManagerApplication using Java 17.0.10 with PID 22004 (C:\Users\user\Documents\Back end Engineering Germany\deliverysystem\ms-process-manager\build\classes\java\main started by user in C:\Users\user\Documents\Back end Engineering Germany\deliverysystem\ms-process-manager)
2025-05-10 01:00:16 [main] DEBUG d.y.d.m.MsProcessManagerApplication - Running with Spring Boot v3.4.5, Spring v6.2.6
2025-05-10 01:00:16 [main] INFO  d.y.d.m.MsProcessManagerApplication - No active profile set, falling back to 1 default profile: "default"
2025-05-10 01:00:18 [main] INFO  o.s.cloud.context.scope.GenericScope - BeanFactory id=e4edc53c-d52a-3a74-bcee-46914b22b608
2025-05-10 01:00:18 [main] INFO  o.s.b.w.e.tomcat.TomcatWebServer - Tomcat initialized with port 5051 (http)
2025-05-10 01:00:18 [main] INFO  o.a.catalina.core.StandardService - Starting service [Tomcat]
2025-05-10 01:00:18 [main] INFO  o.a.catalina.core.StandardEngine - Starting Servlet engine: [Apache Tomcat/10.1.40]
2025-05-10 01:00:18 [main] INFO  o.a.c.c.C.[Tomcat].[localhost].[/] - Initializing Spring embedded WebApplicationContext
2025-05-10 01:00:18 [main] INFO  o.s.b.w.s.c.ServletWebServerApplicationContext - Root WebApplicationContext: initialization completed in 2265 ms
2025-05-10 01:00:19 [main] DEBUG o.s.c.o.FeignClientFactoryBean - Creating a FeignClientFactoryBean.
2025-05-10 01:00:20 [main] INFO  o.s.b.a.e.web.EndpointLinksResolver - Exposing 3 endpoints beneath base path '/actuator'
2025-05-10 01:00:20 [main] INFO  o.s.b.w.e.tomcat.TomcatWebServer - Tomcat started on port 5051 (http) with context path '/'
2025-05-10 01:00:20 [main] INFO  d.y.d.m.MsProcessManagerApplication - Started MsProcessManagerApplication in 5.601 seconds (process running for 8.121)
2025-05-10 01:00:21 [RMI TCP Connection(3)-172.31.112.1] INFO  o.a.c.c.C.[Tomcat].[localhost].[/] - Initializing Spring DispatcherServlet 'dispatcherServlet'
2025-05-10 01:00:30 [pool-2-thread-1] DEBUG d.y.d.m.s.o.m.UserOrchestrationService - Attempting user registration for user6
2025-05-10 01:00:30 [pool-2-thread-1] DEBUG o.s.c.o.support.SpringEncoder - Writing [RegistrationRequest[username=user6, password=12345]] using [org.springframework.http.converter.json.MappingJackson2HttpMessageConverter@65d73bd]
2025-05-10 01:00:31 [http-nio-5051-exec-2] ERROR o.a.c.c.C.[.[.[.[dispatcherServlet] - Servlet.service() for servlet [dispatcherServlet] in context with path [] threw exception [Request processing failed: org.springframework.cloud.client.circuitbreaker.NoFallbackAvailableException: No fallback available.] with root cause
feign.FeignException$Conflict: [409] during [POST] to [http://localhost:5050/api/users/register] [UserServiceClient#register(RegistrationRequest)]: [{"errorCode":"USERNAME_ALREADY_EXISTS","message":"Username 'user6' already exists","uuid":"5cc16993-68a2-45fc-98c7-6ce0784e45de","path":"/api/users/register","timestamp":"2025-05-09T23:00:30.971917700Z"}]
	at feign.FeignException.clientErrorStatus(FeignException.java:255)
	at feign.FeignException.errorStatus(FeignException.java:223)
	at feign.FeignException.errorStatus(FeignException.java:213)
	at feign.codec.ErrorDecoder$Default.decode(ErrorDecoder.java:103)
	at feign.error.AnnotationErrorDecoder.decode(AnnotationErrorDecoder.java:46)
	at feign.InvocationContext.decodeError(InvocationContext.java:133)
	at feign.InvocationContext.proceed(InvocationContext.java:80)
	at feign.ResponseHandler.handleResponse(ResponseHandler.java:69)
	at feign.SynchronousMethodHandler.executeAndDecode(SynchronousMethodHandler.java:109)
	at feign.SynchronousMethodHandler.invoke(SynchronousMethodHandler.java:53)
	at feign.ReflectiveFeign$FeignInvocationHandler.invoke(ReflectiveFeign.java:104)
	at jdk.proxy2/jdk.proxy2.$Proxy99.register(Unknown Source)
	at de.yagub.deliverysystem.msprocessmanager.service.orchestration.msuser.UserOrchestrationService.lambda$registerUser$0(UserOrchestrationService.java:23)
	at io.micrometer.observation.Observation.observe(Observation.java:564)
	at org.springframework.cloud.client.circuitbreaker.observation.ObservedSupplier.get(ObservedSupplier.java:48)
	at java.base/java.util.concurrent.FutureTask.run(FutureTask.java:264)
	at java.base/java.util.concurrent.ThreadPoolExecutor.runWorker(ThreadPoolExecutor.java:1136)
	at java.base/java.util.concurrent.ThreadPoolExecutor$Worker.run(ThreadPoolExecutor.java:635)
	at java.base/java.lang.Thread.run(Thread.java:842)
2025-05-10 01:11:39 [SpringApplicationShutdownHook] INFO  o.s.b.w.e.tomcat.GracefulShutdown - Commencing graceful shutdown. Waiting for active requests to complete
2025-05-10 01:11:39 [tomcat-shutdown] INFO  o.s.b.w.e.tomcat.GracefulShutdown - Graceful shutdown complete
